\BOOKMARK [0][-]{chapter.1}{商品一覧API}{}% 1
\BOOKMARK [1][-]{section.1.1}{内容}{chapter.1}% 2
\BOOKMARK [1][-]{section.1.2}{説明}{chapter.1}% 3
\BOOKMARK [0][-]{chapter.2}{商品購入API}{}% 4
\BOOKMARK [1][-]{section.2.1}{内容}{chapter.2}% 5
\BOOKMARK [1][-]{section.2.2}{説明}{chapter.2}% 6
\BOOKMARK [0][-]{chapter.3}{商品の入庫}{}% 7
\BOOKMARK [1][-]{section.3.1}{内容}{chapter.3}% 8
\BOOKMARK [0][-]{chapter.4}{商品の新規作成}{}% 9
\BOOKMARK [1][-]{section.4.1}{内容}{chapter.4}% 10
\BOOKMARK [0][-]{chapter.5}{商品の編集}{}% 11
\BOOKMARK [1][-]{section.5.1}{内容}{chapter.5}% 12
\BOOKMARK [0][-]{chapter.6}{商品の削除}{}% 13
\BOOKMARK [1][-]{section.6.1}{内容}{chapter.6}% 14
\BOOKMARK [0][-]{chapter.7}{商品の在庫確認}{}% 15
\BOOKMARK [1][-]{section.7.1}{内容}{chapter.7}% 16
\BOOKMARK [0][-]{chapter.8}{商品の月次売上}{}% 17
\BOOKMARK [1][-]{section.8.1}{内容}{chapter.8}% 18
\BOOKMARK [0][-]{chapter.9}{商品の個別売上}{}% 19
\BOOKMARK [1][-]{section.9.1}{内容}{chapter.9}% 20
\BOOKMARK [0][-]{chapter.10}{表（テーブル）の書き方}{}% 21
\BOOKMARK [0][-]{chapter.11}{Indices and tables}{}% 22
